<?xml version="1.0"?>
<rss version="2.0" xmlns:media="http://search.yahoo.com/m.rss/" xmlns:flatplan="https://www.flatplan.io/feedspec/" xmlns:dc="http://purl.org/dc/elements/1.1/" xmlns:content="http://purl.org/rss/1.0/modules/content/">
  <channel>
    <title>ReplacePlease</title>
    <pubDate>Wed, 23 Mar 2022 13:09:26 GMT</pubDate>
    <lastBuildDate>Wed, 23 Mar 2022 13:09:26 GMT</lastBuildDate>
    <link>https://ReplacePlease.com/</link>
    <language>en-US</language>
    <item>
      <guid isPermaLink="true">12345</guid>
      <title/>
      <link>https://mlangeleno.com/best-parks-los-angeles</link>
      <pubDate>Wed, 23 Mar 2022 13:09:26 GMT</pubDate>
      <media:thumbnail url=""/>
      <content:encoded>
        <![CDATA[<p>Article body</p>]]>
      </content:encoded>
    </item>
    <item>
      <guid isPermaLink="true">65432</guid>
      <title/>
      <link>https://mlangeleno.com/new-italian-restaurants-la</link>
      <pubDate>Wed, 23 Mar 2022 13:09:26 GMT</pubDate>
      <media:thumbnail url=""/>
      <content:encoded>
        <![CDATA[<p>Article body</p>]]>
      </content:encoded>
    </item>
    <item>
      <guid isPermaLink="true">234567887654</guid>
      <title/>
      <link>https://mlangeleno.com/cannabis-la</link>
      <pubDate>Wed, 23 Mar 2022 13:09:26 GMT</pubDate>
      <media:thumbnail url=""/>
      <content:encoded>
        <![CDATA[<p>Article body</p>]]>
      </content:encoded>
    </item>
  </channel>
</rss>